                                      1 ;--------------------------------------------------------
                                      2 ; File Created by SDCC : free open source ISO C Compiler
                                      3 ; Version 4.5.0 #15242 (Linux)
                                      4 ;--------------------------------------------------------
                                      5 	.module main
                                      6 	
                                      7 	.optsdcc -mpdk14
                                      8 
                                      9 ; default segment ordering in RAM for linker
                                     10 	.area DATA
                                     11 	.area OSEG (OVR,DATA)
                                     12 
                                     13 ;--------------------------------------------------------
                                     14 ; Public variables in this module
                                     15 ;--------------------------------------------------------
                                     16 	.globl _interrupt
                                     17 	.globl _main
                                     18 	.globl _read_touch_raw
                                     19 	.globl _update_pattern
                                     20 	.globl _output_leds
                                     21 	.globl _stop_tone_out
                                     22 	.globl _start_tone_out_button
                                     23 	.globl _start_tone_out_startup
                                     24 	.globl _copy_to_buff
                                     25 	.globl _touch_init
                                     26 	.globl __t16c
                                     27 	.globl __rop
                                     28 	.globl __ilrcr
                                     29 	.globl __tm3b
                                     30 	.globl __tm3s
                                     31 	.globl __tm3ct
                                     32 	.globl __tm3c
                                     33 	.globl __lvdc
                                     34 	.globl __tkcl
                                     35 	.globl __tkch
                                     36 	.globl __tps2
                                     37 	.globl __tps
                                     38 	.globl __tke1
                                     39 	.globl __tke2
                                     40 	.globl __tcc
                                     41 	.globl __ts
                                     42 	.globl __tm2b
                                     43 	.globl __tm2s
                                     44 	.globl __tm2ct
                                     45 	.globl __tm2c
                                     46 	.globl __misclvr
                                     47 	.globl __bgtr
                                     48 	.globl __gpcs
                                     49 	.globl __gpcc
                                     50 	.globl __pbpl
                                     51 	.globl __pbph
                                     52 	.globl __pbc
                                     53 	.globl __pb
                                     54 	.globl __papl
                                     55 	.globl __paph
                                     56 	.globl __pac
                                     57 	.globl __pa
                                     58 	.globl __misc2
                                     59 	.globl __pbdier
                                     60 	.globl __padier
                                     61 	.globl __integs
                                     62 	.globl __ihrcr
                                     63 	.globl __eoscr
                                     64 	.globl __misc
                                     65 	.globl __t16m
                                     66 	.globl __intrq
                                     67 	.globl __inten
                                     68 	.globl __clkmd
                                     69 	.globl __sp
                                     70 	.globl __flag
                                     71 	.globl _copy_to_buff_PARM_2
                                     72 	.globl _copy_to_buff_PARM_1
                                     73 	.globl _touch_base
                                     74 	.globl _tone_time
                                     75 	.globl _tone_out_ctr
                                     76 	.globl _pattern_step
                                     77 	.globl _pattern_index
                                     78 	.globl _pattern_count
                                     79 	.globl _button_down
                                     80 	.globl _button_ctr
                                     81 	.globl _byte_ctr
                                     82 	.globl _byte_t
                                     83 	.globl _bytes
                                     84 	.globl _pixel_buff
                                     85 	.globl _off_color
                                     86 	.globl _bright_blue_color
                                     87 	.globl _bright_orange_color
                                     88 	.globl _blue_color
                                     89 	.globl _orange_color
                                     90 ;--------------------------------------------------------
                                     91 ; special function registers
                                     92 ;--------------------------------------------------------
                                     93 	.area RSEG (ABS)
      000000                         94 	.org 0x0000
                           000000    95 __flag	=	0x0000
                           000002    96 __sp	=	0x0002
                           000003    97 __clkmd	=	0x0003
                           000004    98 __inten	=	0x0004
                           000005    99 __intrq	=	0x0005
                           000006   100 __t16m	=	0x0006
                           000008   101 __misc	=	0x0008
                           00000A   102 __eoscr	=	0x000a
                           00000B   103 __ihrcr	=	0x000b
                           00000C   104 __integs	=	0x000c
                           00000D   105 __padier	=	0x000d
                           00000E   106 __pbdier	=	0x000e
                           00000F   107 __misc2	=	0x000f
                           000010   108 __pa	=	0x0010
                           000011   109 __pac	=	0x0011
                           000012   110 __paph	=	0x0012
                           000013   111 __papl	=	0x0013
                           000014   112 __pb	=	0x0014
                           000015   113 __pbc	=	0x0015
                           000016   114 __pbph	=	0x0016
                           000017   115 __pbpl	=	0x0017
                           000018   116 __gpcc	=	0x0018
                           000019   117 __gpcs	=	0x0019
                           00001A   118 __bgtr	=	0x001a
                           00001B   119 __misclvr	=	0x001b
                           00001C   120 __tm2c	=	0x001c
                           00001D   121 __tm2ct	=	0x001d
                           00001E   122 __tm2s	=	0x001e
                           00001F   123 __tm2b	=	0x001f
                           000020   124 __ts	=	0x0020
                           000021   125 __tcc	=	0x0021
                           000022   126 __tke2	=	0x0022
                           000024   127 __tke1	=	0x0024
                           000026   128 __tps	=	0x0026
                           000028   129 __tps2	=	0x0028
                           00002B   130 __tkch	=	0x002b
                           00002C   131 __tkcl	=	0x002c
                           00002D   132 __lvdc	=	0x002d
                           000032   133 __tm3c	=	0x0032
                           000033   134 __tm3ct	=	0x0033
                           000034   135 __tm3s	=	0x0034
                           000035   136 __tm3b	=	0x0035
                           000039   137 __ilrcr	=	0x0039
                           00003A   138 __rop	=	0x003a
      000000                        139 __t16c::
      000000                        140 	.ds 2
                                    141 ;--------------------------------------------------------
                                    142 ; ram data
                                    143 ;--------------------------------------------------------
                                    144 	.area DATA
      000000                        145 _orange_color::
      000000                        146 	.ds 3
      000003                        147 _blue_color::
      000003                        148 	.ds 3
      000006                        149 _bright_orange_color::
      000006                        150 	.ds 3
      000009                        151 _bright_blue_color::
      000009                        152 	.ds 3
      00000C                        153 _off_color::
      00000C                        154 	.ds 3
      00000F                        155 _pixel_buff::
      00000F                        156 	.ds 12
      00001B                        157 _bytes::
      00001B                        158 	.ds 1
      00001C                        159 _byte_t::
      00001C                        160 	.ds 1
      00001D                        161 _byte_ctr::
      00001D                        162 	.ds 1
      00001E                        163 _button_ctr::
      00001E                        164 	.ds 1
      00001F                        165 _button_down::
      00001F                        166 	.ds 1
      000020                        167 _pattern_count::
      000020                        168 	.ds 1
      000021                        169 _pattern_index::
      000021                        170 	.ds 1
      000022                        171 _pattern_step::
      000022                        172 	.ds 1
      000023                        173 _tone_out_ctr::
      000023                        174 	.ds 1
      000024                        175 _tone_time::
      000024                        176 	.ds 1
      000025                        177 _touch_base::
      000025                        178 	.ds 2
      000027                        179 _copy_to_buff_PARM_1:
      000027                        180 	.ds 3
      00002A                        181 _copy_to_buff_PARM_2:
      00002A                        182 	.ds 1
      00002B                        183 _copy_to_buff_sloc0_1_0:
      00002B                        184 	.ds 1
      00002C                        185 _copy_to_buff_sloc1_1_0:
      00002C                        186 	.ds 1
      00002D                        187 _update_pattern_bright_10000_20:
      00002D                        188 	.ds 3
      000030                        189 _interrupt_sloc2_1_0:
      000030                        190 	.ds 2
                                    191 ;--------------------------------------------------------
                                    192 ; overlayable items in ram
                                    193 ;--------------------------------------------------------
                                    194 ;--------------------------------------------------------
                                    195 ; Stack segment in internal ram
                                    196 ;--------------------------------------------------------
                                    197 	.area SSEG
      000000                        198 __start__stack:
      000000                        199 	.ds	1
                                    200 
                                    201 ;--------------------------------------------------------
                                    202 ; absolute external ram data
                                    203 ;--------------------------------------------------------
                                    204 	.area DABS (ABS)
                                    205 ;--------------------------------------------------------
                                    206 ; interrupt vector
                                    207 ;--------------------------------------------------------
                                    208 	.area HOME
      000000                        209 __interrupt_vect:
                                    210 	.area	HEADER (ABS)
      000020                        211 	.org	 0x0020
      000020r02r32                  212 	goto	_interrupt
                                    213 ;--------------------------------------------------------
                                    214 ; global & static initialisations
                                    215 ;--------------------------------------------------------
                                    216 	.area HOME
                                    217 	.area GSINIT
                                    218 	.area GSFINAL
                                    219 	.area GSINIT
                                    220 	.area	PREG (ABS)
      000000                        221 	.org 0x00
      000000                        222 p::
      000000                        223 	.ds 2
                                    224 	.area	HEADER (ABS)
      000000                        225 	.org 0x0000
      000000 00 00                  226 	nop
      000002r01r13                  227 	clear	p+1
      000004r00r2F                  228 	mov	a, #s_OSEG
      000006r01r28                  229 	add	a, #l_OSEG + 1
      000008 FE 2C                  230 	and	a, #0xfe
      00000A 82 01                  231 	mov.io	sp, a
      00000Cr00r38                  232 	call	___sdcc_external_startup
      00000E 00 2B                  233 	cneqsn	a, #0x00
      000010r00r30                  234 	goto	__sdcc_init_data
      000012r00r30                  235 	goto	__sdcc_program_startup
                                    236 	.area GSINIT
      000000                        237 __sdcc_init_data:
      000000r00r2F                  238 	mov	a, #s_DATA
      000002r80r0B                  239 	mov	p, a
      000004r0Er30                  240 	goto	00002$
      000006                        241 00001$:
      000006 00 2F                  242 	mov	a, #0x00
      000008r80r03                  243 	idxm	p, a
      00000Ar00r12                  244 	inc	p
      00000Cr00r2F                  245 	mov	a, #s_DATA
      00000E                        246 00002$:
      00000Er00r28                  247 	add	a, #l_DATA
      000010r00r17                  248 	ceqsn	a, p
      000012r06r30                  249 	goto	00001$
                                    250 ;	main.c: 66: color_t orange_color = {.r = 64, .g = 16, .b = 0};
      000014 40 2F                  251 	mov	a, #0x40
      000016r81r0B                  252 	mov	_orange_color+1, a
      000018 10 2F                  253 	mov	a, #0x10
      00001Ar80r0B                  254 	mov	_orange_color+0, a
      00001Cr02r13                  255 	clear	_orange_color+2
                                    256 ;	main.c: 67: color_t blue_color = {.r = 0, .g = 0, .b = 128};
      00001Er04r13                  257 	clear	_blue_color+1
      000020r03r13                  258 	clear	_blue_color+0
      000022 80 2F                  259 	mov	a, #0x80
      000024r85r0B                  260 	mov	_blue_color+2, a
                                    261 ;	main.c: 68: color_t bright_orange_color = {.r = 80, .g = 32, .b = 16};
      000026 50 2F                  262 	mov	a, #0x50
      000028r87r0B                  263 	mov	_bright_orange_color+1, a
      00002A 20 2F                  264 	mov	a, #0x20
      00002Cr86r0B                  265 	mov	_bright_orange_color+0, a
      00002E 10 2F                  266 	mov	a, #0x10
      000030r88r0B                  267 	mov	_bright_orange_color+2, a
                                    268 ;	main.c: 69: color_t bright_blue_color = {.r = 16, .g = 16, .b = 128};
      000032 10 2F                  269 	mov	a, #0x10
      000034r8Ar0B                  270 	mov	_bright_blue_color+1, a
      000036 10 2F                  271 	mov	a, #0x10
      000038r89r0B                  272 	mov	_bright_blue_color+0, a
      00003A 80 2F                  273 	mov	a, #0x80
      00003Cr8Br0B                  274 	mov	_bright_blue_color+2, a
                                    275 ;	main.c: 70: color_t off_color = {.r = 0, .g = 0, .b = 0};
      00003Er0Dr13                  276 	clear	_off_color+1
      000040r0Cr13                  277 	clear	_off_color+0
      000042r0Er13                  278 	clear	_off_color+2
                                    279 ;	main.c: 74: volatile uint8_t bytes = LED_COUNT * 3;
      000044 0C 2F                  280 	mov	a, #0x0c
      000046r9Br0B                  281 	mov	_bytes+0, a
                                    282 ;	main.c: 75: volatile uint8_t byte_t = 0;
      000048r1Cr13                  283 	clear	_byte_t+0
                                    284 ;	main.c: 77: volatile uint8_t byte_ctr = 0;
      00004Ar1Dr13                  285 	clear	_byte_ctr+0
                                    286 ;	main.c: 78: volatile uint8_t button_ctr = 0;
      00004Cr1Er13                  287 	clear	_button_ctr+0
                                    288 ;	main.c: 79: volatile uint8_t button_down = 0;
      00004Er1Fr13                  289 	clear	_button_down+0
                                    290 ;	main.c: 80: volatile uint8_t pattern_count = 0;
      000050r20r13                  291 	clear	_pattern_count+0
                                    292 ;	main.c: 81: volatile uint8_t pattern_index = 0;
      000052r21r13                  293 	clear	_pattern_index+0
                                    294 ;	main.c: 82: volatile uint8_t pattern_step = 0;
      000054r22r13                  295 	clear	_pattern_step+0
                                    296 ;	main.c: 83: volatile uint8_t tone_out_ctr = 0;
      000056r23r13                  297 	clear	_tone_out_ctr+0
                                    298 ;	main.c: 84: volatile uint8_t tone_time = 0;
      000058r24r13                  299 	clear	_tone_time+0
                                    300 ;	main.c: 85: volatile uint16_t touch_base = 0;
      00005Ar25r13                  301 	clear	_touch_base+0
      00005Cr26r13                  302 	clear	_touch_base+1
                                    303 	.area GSFINAL
      000000r00r30                  304 	goto	__sdcc_program_startup
                                    305 ;--------------------------------------------------------
                                    306 ; Home
                                    307 ;--------------------------------------------------------
                                    308 	.area HOME
                                    309 	.area HOME
      000000                        310 __sdcc_program_startup:
      000000rC6r31                  311 	goto	_main
                                    312 ;	return from main will return to caller
                                    313 ;--------------------------------------------------------
                                    314 ; code
                                    315 ;--------------------------------------------------------
                                    316 	.area CODE
                                    317 ;	main.c: 87: void touch_init() {
                                    318 ;	-----------------------------------------
                                    319 ;	 function touch_init
                                    320 ;	-----------------------------------------
      000000                        321 _touch_init:
                                    322 ;	main.c: 89: TS = TS_TP_CLK_IHRC_DIV2 | TS_TP_VREF_VCC05 | TS_DISCHARGE_WAIT_128CLOCKS;
      000000 13 2F                  323 	mov	a, #0x13
      000002 A0 01                  324 	mov.io	__ts, a
                                    325 ;	main.c: 90: TPS2 = TPS2_TOUCH_TYPE_B | TPS2_VREFNONFLOAT_ALWAYS_ON;
      000004 41 2F                  326 	mov	a, #0x41
      000006 A8 01                  327 	mov.io	__tps2, a
                                    328 ;	main.c: 91: PAC &= ~(BTN_bm); // Pin 4 as in
      000008 11 1D                  329 	set0.io	__pac, #4
                                    330 ;	main.c: 92: PADIER &= ~(BTN_bm | CS_bm); // Disable digital input for touch and CS pins
      00000A CD 01                  331 	mov.io	a, __padier
      00000C 6F 2C                  332 	and	a, #0x6f
      00000E 8D 01                  333 	mov.io	__padier, a
                                    334 ;	main.c: 93: }
      000010 7A 00                  335 	ret
                                    336 ;	main.c: 95: void copy_to_buff(color_t pixel, uint8_t len)
                                    337 ;	-----------------------------------------
                                    338 ;	 function copy_to_buff
                                    339 ;	-----------------------------------------
      000012                        340 _copy_to_buff:
                                    341 ;	main.c: 97: for (uint8_t i = 0; i < len; i++)
      000012r2Br13                  342 	clear	_copy_to_buff_sloc0_1_0+0
      000014                        343 00103$:
      000014rABr0F                  344 	mov	a, _copy_to_buff_sloc0_1_0+0
      000016rAAr0C                  345 	sub	a, _copy_to_buff_PARM_2+0
      000018 40 1A                  346 	t1sn.io	f, c
      00001A 7A 00                  347 	ret
      00001C                        348 00120$:
                                    349 ;	main.c: 99: pixel_buff[i].r = pixel.r;
      00001CrABr0F                  350 	mov	a, _copy_to_buff_sloc0_1_0+0
      00001E 6B 00                  351 	sl	a
      000020r2Br0C                  352 	add	a, _copy_to_buff_sloc0_1_0+0
      000022rACr0B                  353 	mov	_copy_to_buff_sloc1_1_0+0, a
      000024r0Fr2F                  354 	mov	a, #(_pixel_buff + 0)
      000026r2Cr0C                  355 	add	a, _copy_to_buff_sloc1_1_0+0
      000028 01 28                  356 	add	a, #0x01
      00002A 72 00                  357 	push	af
      00002CrA8r0F                  358 	mov	a, _copy_to_buff_PARM_1+1
      00002Er80r0B                  359 	mov	p, a
      000030 73 00                  360 	pop	af
      000032r80r13                  361 	xch	a, p
      000034r80r03                  362 	idxm	p, a
                                    363 ;	main.c: 100: pixel_buff[i].g = pixel.g;
      000036r0Fr2F                  364 	mov	a, #(_pixel_buff + 0)
      000038r2Cr0C                  365 	add	a, _copy_to_buff_sloc1_1_0+0
      00003A 72 00                  366 	push	af
      00003CrA7r0F                  367 	mov	a, _copy_to_buff_PARM_1+0
      00003Er80r0B                  368 	mov	p, a
      000040 73 00                  369 	pop	af
      000042r80r13                  370 	xch	a, p
      000044r80r03                  371 	idxm	p, a
                                    372 ;	main.c: 101: pixel_buff[i].b = pixel.b;
      000046r0Fr2F                  373 	mov	a, #(_pixel_buff + 0)
      000048r2Cr0C                  374 	add	a, _copy_to_buff_sloc1_1_0+0
      00004A 02 28                  375 	add	a, #0x02
      00004C 72 00                  376 	push	af
      00004ErA9r0F                  377 	mov	a, _copy_to_buff_PARM_1+2
      000050r80r0B                  378 	mov	p, a
      000052 73 00                  379 	pop	af
      000054r80r13                  380 	xch	a, p
      000056r80r03                  381 	idxm	p, a
                                    382 ;	main.c: 97: for (uint8_t i = 0; i < len; i++)
      000058r2Br12                  383 	inc	_copy_to_buff_sloc0_1_0+0
      00005Ar14r30                  384 	goto	00103$
                                    385 ;	main.c: 103: }
      00005C 7A 00                  386 	ret
                                    387 ;	main.c: 105: void start_tone_out_startup()
                                    388 ;	-----------------------------------------
                                    389 ;	 function start_tone_out_startup
                                    390 ;	-----------------------------------------
      00005E                        391 _start_tone_out_startup:
                                    392 ;	main.c: 107: tone_out_ctr = 0;
      00005Er23r13                  393 	clear	_tone_out_ctr+0
                                    394 ;	main.c: 108: tone_time = STARTUP_TONE_TIME;
                                    395 ;	main.c: 109: TM2B = STARTUP_BOUNDS;
      000060 0A 2F                  396 	mov a, #0x0a
      000062rA4r0B                  397 	mov  _tone_time+0, a
      000064 9F 01                  398 	mov.io	__tm2b, a
                                    399 ;	main.c: 110: TM2C |= TM2C_CLK_IHRC;
      000066 5C 1F                  400 	set1.io	__tm2c, #5
                                    401 ;	main.c: 111: }
      000068 7A 00                  402 	ret
                                    403 ;	main.c: 113: void start_tone_out_button()
                                    404 ;	-----------------------------------------
                                    405 ;	 function start_tone_out_button
                                    406 ;	-----------------------------------------
      00006A                        407 _start_tone_out_button:
                                    408 ;	main.c: 115: tone_out_ctr = 0;
      00006Ar23r13                  409 	clear	_tone_out_ctr+0
                                    410 ;	main.c: 116: tone_time = BUTTON_TONE_TIME;
                                    411 ;	main.c: 117: TM2B = BUTTON_BOUNDS;
      00006C 05 2F                  412 	mov a, #0x05
      00006ErA4r0B                  413 	mov  _tone_time+0, a
      000070 9F 01                  414 	mov.io	__tm2b, a
                                    415 ;	main.c: 118: TM2C |= TM2C_CLK_IHRC;
      000072 5C 1F                  416 	set1.io	__tm2c, #5
                                    417 ;	main.c: 119: }
      000074 7A 00                  418 	ret
                                    419 ;	main.c: 121: void stop_tone_out()
                                    420 ;	-----------------------------------------
                                    421 ;	 function stop_tone_out
                                    422 ;	-----------------------------------------
      000076                        423 _stop_tone_out:
                                    424 ;	main.c: 123: tone_time = 0;
      000076r24r13                  425 	clear	_tone_time+0
                                    426 ;	main.c: 124: TM2C &= 0x0F; // 0 out the top 4 bits for clock source
      000078 DC 01                  427 	mov.io	a, __tm2c
      00007A 0F 2C                  428 	and	a, #0x0f
      00007C 9C 01                  429 	mov.io	__tm2c, a
                                    430 ;	main.c: 125: }
      00007E 7A 00                  431 	ret
                                    432 ;	main.c: 127: void output_leds()
                                    433 ;	-----------------------------------------
                                    434 ;	 function output_leds
                                    435 ;	-----------------------------------------
      000080                        436 _output_leds:
                                    437 ;	main.c: 129: __asm__("    mov a, _bytes              ;move our byte count into a");
      000080r9Br0F                  438 	mov	a, _bytes              ;move our byte count into a
                                    439 ;	main.c: 130: __asm__("    mov _byte_ctr, a           ;move a into our index counter");
      000082r9Dr0B                  440 	mov	_byte_ctr, a           ;move a into our index counter
                                    441 ;	main.c: 131: __asm__("    mov	a, #(_pixel_buff)   ;load the address of the array into a");
      000084r0Fr2F                  442 	mov	a, #(_pixel_buff)   ;load the address of the array into a
                                    443 ;	main.c: 132: __asm__("    mov	p, a                ;put that address into p (a mem location)");
      000086r80r0B                  444 	mov	p, a                ;put that address into p (a mem location)
                                    445 ;	main.c: 133: __asm__("00010$:");
      000088                        446 	00010$:
                                    447 ;	main.c: 134: __asm__("    idxm	a, p                ;load the byte data from the array into a");
      000088r81r03                  448 	idxm	a, p                ;load the byte data from the array into a
                                    449 ;	main.c: 135: __asm__("    inc p                      ;inc p to the next address");
      00008Ar00r12                  450 	inc	p                      ;inc p to the next address
                                    451 ;	main.c: 136: __asm__("    mov	_byte_t, a          ;load the byte data into byte_t");
      00008Cr9Cr0B                  452 	mov	_byte_t, a          ;load the byte data into byte_t
                                    453 ;	main.c: 137: __asm__("    mov a, #0x08               ;reset the bit count");
      00008E 08 2F                  454 	mov	a, #0x08               ;reset the bit count
                                    455 ;	main.c: 138: __asm__("00011$:");
      000090                        456 	00011$:
                                    457 ;	main.c: 139: __asm__("    ;output bit");
                                    458 ;output	bit
                                    459 ;	main.c: 140: __asm__("    set1.io __pa, #5           ;set the output pin high");
      000090 50 1F                  460 	set1.io	__pa, #5           ;set the output pin high
                                    461 ;	main.c: 141: __asm__("    t1sn _byte_t, #7           ;if the current MSB is 1, skip setting the pin low now");
      000092rDCr23                  462 	t1sn	_byte_t, #7           ;if the current MSB is 1, skip setting the pin low now
                                    463 ;	main.c: 142: __asm__("    set0.io __pa, #5           ;set the output pin low");
      000094 50 1D                  464 	set0.io	__pa, #5           ;set the output pin low
                                    465 ;	main.c: 143: __asm__("    nop                        ;wait one cycle");
      000096 00 00                  466 	nop	                       ;wait one cycle
                                    467 ;	main.c: 144: __asm__("    set0.io __pa, #5           ;set the output pin low");
      000098 50 1D                  468 	set0.io	__pa, #5           ;set the output pin low
                                    469 ;	main.c: 145: __asm__("    sl _byte_t                 ;left-shift the data byte (the LEDs are MSB first)");
      00009Ar9Cr15                  470 	sl	_byte_t                 ;left-shift the data byte (the LEDs are MSB first)
                                    471 ;	main.c: 146: __asm__("    dzsn a                     ;dec a and skip next instruction if 0");
      00009C 63 00                  472 	dzsn	a                     ;dec a and skip next instruction if 0
                                    473 ;	main.c: 147: __asm__("    goto 00011$                ;jump back to 00011");
      00009Er90r30                  474 	goto	00011$                ;jump back to 00011
                                    475 ;	main.c: 148: __asm__("    dzsn _byte_ctr             ;dec our index counter and skip the goto if 0");
      0000A0r9Dr11                  476 	dzsn	_byte_ctr             ;dec our index counter and skip the goto if 0
                                    477 ;	main.c: 149: __asm__("    goto	00010$              ;goto the next byte");
      0000A2r88r30                  478 	goto	00010$              ;goto the next byte
                                    479 ;	main.c: 150: }
      0000A4 7A 00                  480 	ret
                                    481 ;	main.c: 152: void update_pattern()
                                    482 ;	-----------------------------------------
                                    483 ;	 function update_pattern
                                    484 ;	-----------------------------------------
      0000A6                        485 _update_pattern:
                                    486 ;	main.c: 157: switch (pattern_index)
      0000A6rA1r0F                  487 	mov	a, _pattern_index+0
      0000A8 00 2B                  488 	cneqsn	a, #0x00
      0000AArB6r30                  489 	goto	00101$
      0000AC                        490 00169$:
      0000AC 01 2B                  491 	cneqsn	a, #0x01
      0000AErD2r30                  492 	goto	00102$
      0000B0                        493 00171$:
      0000B0 02 2B                  494 	cneqsn	a, #0x02
      0000B2r02r31                  495 	goto	00103$
      0000B4                        496 00173$:
      0000B4r30r31                  497 	goto	00104$
                                    498 ;	main.c: 159: case 0:
      0000B6                        499 00101$:
                                    500 ;	main.c: 160: copy_to_buff(off_color, LED_COUNT);
      0000B6r0Cr2F                  501 	mov	a, #(_off_color + 0)
      0000B8r80r0B                  502 	mov	___memcpy_PARM_2+0, a
      0000BAr01r13                  503 	clear	___memcpy_PARM_2+1
      0000BCr27r2F                  504 	mov	a, #(_copy_to_buff_PARM_1 + 0)
      0000BEr80r0B                  505 	mov	___memcpy_PARM_1+0, a
      0000C0r01r13                  506 	clear	___memcpy_PARM_1+1
      0000C2 03 2F                  507 	mov	a, #0x03
      0000C4r80r0B                  508 	mov	___memcpy_PARM_3+0, a
      0000C6r01r13                  509 	clear	___memcpy_PARM_3+1
      0000C8r00r38                  510 	call	___memcpy
      0000CA 04 2F                  511 	mov	a, #0x04
      0000CCrAAr0B                  512 	mov	_copy_to_buff_PARM_2+0, a
      0000CEr12r30                  513 	goto	_copy_to_buff
                                    514 ;	main.c: 161: return;
      0000D0 7A 00                  515 	ret
                                    516 ;	main.c: 162: case 1:
      0000D2                        517 00102$:
                                    518 ;	main.c: 163: copy_to_buff(blue_color, LED_COUNT);
      0000D2r03r2F                  519 	mov	a, #(_blue_color + 0)
      0000D4r80r0B                  520 	mov	___memcpy_PARM_2+0, a
      0000D6r01r13                  521 	clear	___memcpy_PARM_2+1
      0000D8r27r2F                  522 	mov	a, #(_copy_to_buff_PARM_1 + 0)
      0000DAr80r0B                  523 	mov	___memcpy_PARM_1+0, a
      0000DCr01r13                  524 	clear	___memcpy_PARM_1+1
      0000DE 03 2F                  525 	mov	a, #0x03
      0000E0r80r0B                  526 	mov	___memcpy_PARM_3+0, a
      0000E2r01r13                  527 	clear	___memcpy_PARM_3+1
      0000E4r00r38                  528 	call	___memcpy
      0000E6 04 2F                  529 	mov	a, #0x04
      0000E8rAAr0B                  530 	mov	_copy_to_buff_PARM_2+0, a
      0000EAr12r38                  531 	call	_copy_to_buff
                                    532 ;	main.c: 164: bright = bright_blue_color;
      0000ECr2Dr2F                  533 	mov	a, #(_update_pattern_bright_10000_20 + 0)
      0000EEr80r0B                  534 	mov	___memcpy_PARM_1+0, a
      0000F0r01r13                  535 	clear	___memcpy_PARM_1+1
      0000F2r09r2F                  536 	mov	a, #(_bright_blue_color + 0)
      0000F4r80r0B                  537 	mov	___memcpy_PARM_2+0, a
      0000F6r01r13                  538 	clear	___memcpy_PARM_2+1
      0000F8 03 2F                  539 	mov	a, #0x03
      0000FAr80r0B                  540 	mov	___memcpy_PARM_3+0, a
      0000FCr01r13                  541 	clear	___memcpy_PARM_3+1
      0000FEr00r38                  542 	call	___memcpy
                                    543 ;	main.c: 165: break;
      000100r30r31                  544 	goto	00104$
                                    545 ;	main.c: 166: case 2:
      000102                        546 00103$:
                                    547 ;	main.c: 167: copy_to_buff(orange_color, LED_COUNT);
      000102r00r2F                  548 	mov	a, #(_orange_color + 0)
      000104r80r0B                  549 	mov	___memcpy_PARM_2+0, a
      000106r01r13                  550 	clear	___memcpy_PARM_2+1
      000108r27r2F                  551 	mov	a, #(_copy_to_buff_PARM_1 + 0)
      00010Ar80r0B                  552 	mov	___memcpy_PARM_1+0, a
      00010Cr01r13                  553 	clear	___memcpy_PARM_1+1
      00010E 03 2F                  554 	mov	a, #0x03
      000110r80r0B                  555 	mov	___memcpy_PARM_3+0, a
      000112r01r13                  556 	clear	___memcpy_PARM_3+1
      000114r00r38                  557 	call	___memcpy
      000116 04 2F                  558 	mov	a, #0x04
      000118rAAr0B                  559 	mov	_copy_to_buff_PARM_2+0, a
      00011Ar12r38                  560 	call	_copy_to_buff
                                    561 ;	main.c: 168: bright = bright_orange_color;
      00011Cr2Dr2F                  562 	mov	a, #(_update_pattern_bright_10000_20 + 0)
      00011Er80r0B                  563 	mov	___memcpy_PARM_1+0, a
      000120r01r13                  564 	clear	___memcpy_PARM_1+1
      000122r06r2F                  565 	mov	a, #(_bright_orange_color + 0)
      000124r80r0B                  566 	mov	___memcpy_PARM_2+0, a
      000126r01r13                  567 	clear	___memcpy_PARM_2+1
      000128 03 2F                  568 	mov	a, #0x03
      00012Ar80r0B                  569 	mov	___memcpy_PARM_3+0, a
      00012Cr01r13                  570 	clear	___memcpy_PARM_3+1
      00012Er00r38                  571 	call	___memcpy
                                    572 ;	main.c: 170: }
      000130                        573 00104$:
                                    574 ;	main.c: 172: pattern_step++;
      000130rA2r0F                  575 	mov	a, _pattern_step+0
      000132 01 28                  576 	add	a, #0x01
      000134rA2r0B                  577 	mov	_pattern_step+0, a
                                    578 ;	main.c: 174: switch (pattern_step)
      000136rA2r0F                  579 	mov	a, _pattern_step+0
      000138 01 2B                  580 	cneqsn	a, #0x01
      00013Ar52r31                  581 	goto	00105$
      00013C                        582 00175$:
      00013C 03 2B                  583 	cneqsn	a, #0x03
      00013Er68r31                  584 	goto	00106$
      000140                        585 00177$:
      000140 04 2B                  586 	cneqsn	a, #0x04
      000142r7Er31                  587 	goto	00107$
      000144                        588 00179$:
      000144 06 2B                  589 	cneqsn	a, #0x06
      000146r94r31                  590 	goto	00109$
      000148                        591 00181$:
      000148 07 2B                  592 	cneqsn	a, #0x07
      00014Ar94r31                  593 	goto	00109$
      00014C                        594 00183$:
      00014C 0A 2B                  595 	cneqsn	a, #0x0a
      00014ErAAr31                  596 	goto	00110$
      000150                        597 00185$:
      000150 7A 00                  598 	ret
                                    599 ;	main.c: 176: case 1:
      000152                        600 00105$:
                                    601 ;	main.c: 177: pixel_buff[3] = bright;
      000152r18r2F                  602 	mov	a, #(_pixel_buff + 9)
      000154r80r0B                  603 	mov	___memcpy_PARM_1+0, a
      000156r01r13                  604 	clear	___memcpy_PARM_1+1
      000158r2Dr2F                  605 	mov	a, #(_update_pattern_bright_10000_20 + 0)
      00015Ar80r0B                  606 	mov	___memcpy_PARM_2+0, a
      00015Cr01r13                  607 	clear	___memcpy_PARM_2+1
      00015E 03 2F                  608 	mov	a, #0x03
      000160r80r0B                  609 	mov	___memcpy_PARM_3+0, a
      000162r01r13                  610 	clear	___memcpy_PARM_3+1
      000164r00r30                  611 	goto	___memcpy
                                    612 ;	main.c: 178: break;
      000166 7A 00                  613 	ret
                                    614 ;	main.c: 179: case 3:
      000168                        615 00106$:
                                    616 ;	main.c: 180: pixel_buff[2] = bright;
      000168r15r2F                  617 	mov	a, #(_pixel_buff + 6)
      00016Ar80r0B                  618 	mov	___memcpy_PARM_1+0, a
      00016Cr01r13                  619 	clear	___memcpy_PARM_1+1
      00016Er2Dr2F                  620 	mov	a, #(_update_pattern_bright_10000_20 + 0)
      000170r80r0B                  621 	mov	___memcpy_PARM_2+0, a
      000172r01r13                  622 	clear	___memcpy_PARM_2+1
      000174 03 2F                  623 	mov	a, #0x03
      000176r80r0B                  624 	mov	___memcpy_PARM_3+0, a
      000178r01r13                  625 	clear	___memcpy_PARM_3+1
      00017Ar00r30                  626 	goto	___memcpy
                                    627 ;	main.c: 181: break;
      00017C 7A 00                  628 	ret
                                    629 ;	main.c: 182: case 4:
      00017E                        630 00107$:
                                    631 ;	main.c: 183: pixel_buff[1] = bright;
      00017Er12r2F                  632 	mov	a, #(_pixel_buff + 3)
      000180r80r0B                  633 	mov	___memcpy_PARM_1+0, a
      000182r01r13                  634 	clear	___memcpy_PARM_1+1
      000184r2Dr2F                  635 	mov	a, #(_update_pattern_bright_10000_20 + 0)
      000186r80r0B                  636 	mov	___memcpy_PARM_2+0, a
      000188r01r13                  637 	clear	___memcpy_PARM_2+1
      00018A 03 2F                  638 	mov	a, #0x03
      00018Cr80r0B                  639 	mov	___memcpy_PARM_3+0, a
      00018Er01r13                  640 	clear	___memcpy_PARM_3+1
      000190r00r30                  641 	goto	___memcpy
                                    642 ;	main.c: 184: break;
      000192 7A 00                  643 	ret
                                    644 ;	main.c: 186: case 7:
      000194                        645 00109$:
                                    646 ;	main.c: 187: pixel_buff[0] = bright;
      000194r0Fr2F                  647 	mov	a, #(_pixel_buff + 0)
      000196r80r0B                  648 	mov	___memcpy_PARM_1+0, a
      000198r01r13                  649 	clear	___memcpy_PARM_1+1
      00019Ar2Dr2F                  650 	mov	a, #(_update_pattern_bright_10000_20 + 0)
      00019Cr80r0B                  651 	mov	___memcpy_PARM_2+0, a
      00019Er01r13                  652 	clear	___memcpy_PARM_2+1
      0001A0 03 2F                  653 	mov	a, #0x03
      0001A2r80r0B                  654 	mov	___memcpy_PARM_3+0, a
      0001A4r01r13                  655 	clear	___memcpy_PARM_3+1
      0001A6r00r30                  656 	goto	___memcpy
                                    657 ;	main.c: 188: break;
      0001A8 7A 00                  658 	ret
                                    659 ;	main.c: 189: case 10:
      0001AA                        660 00110$:
                                    661 ;	main.c: 190: pattern_step = 0;
      0001AAr22r13                  662 	clear	_pattern_step+0
                                    663 ;	main.c: 192: }
                                    664 ;	main.c: 193: }
      0001AC 7A 00                  665 	ret
                                    666 ;	main.c: 195: uint16_t read_touch_raw() {
                                    667 ;	-----------------------------------------
                                    668 ;	 function read_touch_raw
                                    669 ;	-----------------------------------------
      0001AE                        670 _read_touch_raw:
                                    671 ;	main.c: 197: TKE1 = TKE1_TK6_PA4; // Use PA4 as touch input
      0001AE 40 2F                  672 	mov	a, #0x40
      0001B0 A4 01                  673 	mov.io	__tke1, a
                                    674 ;	main.c: 198: TKE2 = 0; // Disable other channels
      0001B2 00 2F                  675 	mov	a, #0x00
      0001B4 A2 01                  676 	mov.io	__tke2, a
                                    677 ;	main.c: 199: TCC = TCC_TK_RUN;
      0001B6 10 2F                  678 	mov	a, #0x10
      0001B8 A1 01                  679 	mov.io	__tcc, a
                                    680 ;	main.c: 201: while(TCC & TCC_TK_RUN); // Wait for measurement to complete
      0001BA                        681 00101$:
      0001BA 21 19                  682 	t0sn.io	__tcc, #4
      0001BCrBAr31                  683 	goto	00101$
      0001BE                        684 00118$:
                                    685 ;	main.c: 203: return (TKCH << 8) | TKCL; 
      0001BE EB 01                  686 	mov.io	a, __tkch
      0001C0r80r0B                  687 	mov	p, a
      0001C2 EC 01                  688 	mov.io	a, __tkcl
                                    689 ;	main.c: 204: }
      0001C4 7A 00                  690 	ret
                                    691 ;	main.c: 206: void main(void)
                                    692 ;	-----------------------------------------
                                    693 ;	 function main
                                    694 ;	-----------------------------------------
      0001C6                        695 _main:
                                    696 ;	main.c: 209: __disgint();
      0001C6 79 00                  697 	disgint
                                    698 ;	main.c: 210: CLKMD |= 0x10; // First enable IHRC
      0001C8 03 1F                  699 	set1.io	__clkmd, #4
                                    700 ;	main.c: 211: CLKMD = 0x34;  // Switch to IHRC/2 but leave ILRC on
      0001CA 34 2F                  701 	mov	a, #0x34
      0001CC 83 01                  702 	mov.io	__clkmd, a
                                    703 ;	main.c: 212: CLKMD &= ~(CLKMD_ENABLE_WATCHDOG);
      0001CE 43 1C                  704 	set0.io	__clkmd, #1
                                    705 ;	main.c: 213: PAC = LED_bm;     // Pin 5 as out
      0001D0 20 2F                  706 	mov	a, #0x20
      0001D2 91 01                  707 	mov.io	__pac, a
                                    708 ;	main.c: 226: touch_init();    
      0001D4r00r38                  709 	call	_touch_init
                                    710 ;	main.c: 234: INTEN = INTEN_TM3;
      0001D6 80 2F                  711 	mov	a, #0x80
      0001D8 84 01                  712 	mov.io	__inten, a
                                    713 ;	main.c: 237: TM3B = 10;
      0001DA 0A 2F                  714 	mov	a, #0x0a
      0001DC B5 01                  715 	mov.io	__tm3b, a
                                    716 ;	main.c: 238: TM3C = TM3C_CLK_ILRC | TM3C_OUT_DISABLE | TM3C_MODE_PERIOD;
      0001DE 40 2F                  717 	mov	a, #0x40
      0001E0 B2 01                  718 	mov.io	__tm3c, a
                                    719 ;	main.c: 239: TM3S = TM3S_PRESCALE_DIV64; // should also start the timer
      0001E2 60 2F                  720 	mov	a, #0x60
      0001E4 B4 01                  721 	mov.io	__tm3s, a
                                    722 ;	main.c: 241: TM2B = 10;
      0001E6 0A 2F                  723 	mov	a, #0x0a
      0001E8 9F 01                  724 	mov.io	__tm2b, a
                                    725 ;	main.c: 242: TM2C = TM2C_CLK_DISABLE | TM3C_MODE_PERIOD; //| TM2C_OUT_PA3 
      0001EA 00 2F                  726 	mov	a, #0x00
      0001EC 9C 01                  727 	mov.io	__tm2c, a
                                    728 ;	main.c: 243: TM2S = TM2S_PRESCALE_DIV16;
      0001EE 40 2F                  729 	mov	a, #0x40
      0001F0 9E 01                  730 	mov.io	__tm2s, a
                                    731 ;	main.c: 246: touch_base = read_touch_raw();
      0001F2rAEr39                  732 	call	_read_touch_raw
      0001F4rA5r0B                  733 	mov	_touch_base+0, a
      0001F6r80r0F                  734 	mov	a, p
      0001F8rA6r0B                  735 	mov	_touch_base+1, a
                                    736 ;	main.c: 249: __engint();
      0001FA 78 00                  737 	engint
                                    738 ;	main.c: 251: start_tone_out_startup();
      0001FCr5Er38                  739 	call	_start_tone_out_startup
                                    740 ;	main.c: 253: while (1)
      0001FE                        741 00102$:
      0001FErFEr31                  742 	goto	00102$
                                    743 ;	main.c: 255: }
      000200 7A 00                  744 	ret
                                    745 ;	main.c: 257: void interrupt(void) __interrupt(0)
                                    746 ;	-----------------------------------------
                                    747 ;	 function interrupt
                                    748 ;	-----------------------------------------
      000202                        749 _interrupt:
      000202 72 00                  750 	push	af
      000204r80r0F                  751 	mov	a, p
      000206 72 00                  752 	push	af
                                    753 ;	main.c: 260: if (INTRQ & INTRQ_TM3) // Timer3 interrupt request
      000208 C5 1B                  754 	t1sn.io	__intrq, #7
      00020Ar86r32                  755 	goto	00116$
      00020C                        756 00160$:
                                    757 ;	main.c: 264: uint16_t touch_value = read_touch_raw();
      00020CrAEr39                  758 	call	_read_touch_raw
                                    759 ;	main.c: 268: if (touch_value < touch_base - TOUCH_THRESHOLD)
      00020E 72 00                  760 	push	af
      000210rA5r0F                  761 	mov	a, _touch_base+0
      000212 01 29                  762 	sub	a, #0x01
      000214rB0r0B                  763 	mov	_interrupt_sloc2_1_0+0, a
      000216rA6r0F                  764 	mov	a, _touch_base+1
      000218 61 00                  765 	subc	a
      00021ArB1r0B                  766 	mov	_interrupt_sloc2_1_0+1, a
      00021C 73 00                  767 	pop	af
      00021ErB0r0C                  768 	sub	a, _interrupt_sloc2_1_0+0
      000220r80r0F                  769 	mov	a, p
      000222rB1r0D                  770 	subc	a, _interrupt_sloc2_1_0+1
      000224 40 1A                  771 	t1sn.io	f, c
      000226r5Ar32                  772 	goto	00106$
      000228                        773 00161$:
                                    774 ;	main.c: 274: if (!button_down)
      000228r9Fr0F                  775 	mov	a, _button_down+0
      00022A 00 2A                  776 	ceqsn	a, #0x00
      00022Cr5Er32                  777 	goto	00107$
      00022E                        778 00162$:
                                    779 ;	main.c: 276: button_ctr++;
      00022Er9Er0F                  780 	mov	a, _button_ctr+0
      000230 01 28                  781 	add	a, #0x01
      000232r9Er0B                  782 	mov	_button_ctr+0, a
                                    783 ;	main.c: 278: if (button_ctr == BTN_DEBOUNCE_DELAY)
      000234r9Er0F                  784 	mov	a, _button_ctr+0
      000236 05 2A                  785 	ceqsn	a, #0x05
      000238r5Er32                  786 	goto	00107$
      00023A                        787 00163$:
                                    788 ;	main.c: 280: button_down = 1;
      00023A 01 2F                  789 	mov	a, #0x01
      00023Cr9Fr0B                  790 	mov	_button_down+0, a
                                    791 ;	main.c: 281: pattern_index = (pattern_index + 1) % 3;
      00023ErA1r0F                  792 	mov	a, _pattern_index+0
      000240 01 28                  793 	add	a, #0x01
      000242r80r0B                  794 	mov	__modsint_PARM_1+0, a
      000244 00 2F                  795 	mov	a, #0x00
      000246 60 00                  796 	addc	a
      000248r81r0B                  797 	mov	__modsint_PARM_1+1, a
      00024A 03 2F                  798 	mov	a, #0x03
      00024Cr80r0B                  799 	mov	__modsint_PARM_2+0, a
      00024Er01r13                  800 	clear	__modsint_PARM_2+1
      000250r00r38                  801 	call	__modsint
      000252rA1r0B                  802 	mov	_pattern_index+0, a
                                    803 ;	main.c: 282: pattern_step = 0;
      000254r22r13                  804 	clear	_pattern_step+0
                                    805 ;	main.c: 283: start_tone_out_button();
      000256r6Ar38                  806 	call	_start_tone_out_button
      000258r5Er32                  807 	goto	00107$
      00025A                        808 00106$:
                                    809 ;	main.c: 289: button_ctr = 0;
      00025Ar1Er13                  810 	clear	_button_ctr+0
                                    811 ;	main.c: 290: button_down = 0;
      00025Cr1Fr13                  812 	clear	_button_down+0
      00025E                        813 00107$:
                                    814 ;	main.c: 293: pattern_count++;
      00025ErA0r0F                  815 	mov	a, _pattern_count+0
      000260 01 28                  816 	add	a, #0x01
      000262rA0r0B                  817 	mov	_pattern_count+0, a
                                    818 ;	main.c: 295: if (pattern_count == PATTERN_UPDATE_DELAY)
      000264rA0r0F                  819 	mov	a, _pattern_count+0
      000266 32 2A                  820 	ceqsn	a, #0x32
      000268r70r32                  821 	goto	00109$
      00026A                        822 00164$:
                                    823 ;	main.c: 297: update_pattern();
      00026ArA6r38                  824 	call	_update_pattern
                                    825 ;	main.c: 298: output_leds();
      00026Cr80r38                  826 	call	_output_leds
                                    827 ;	main.c: 299: pattern_count = 0;
      00026Er20r13                  828 	clear	_pattern_count+0
      000270                        829 00109$:
                                    830 ;	main.c: 302: if (tone_time)
      000270rA4r0F                  831 	mov	a, _tone_time+0
      000272 00 2B                  832 	cneqsn	a, #0x00
      000274r84r32                  833 	goto	00113$
      000276                        834 00165$:
                                    835 ;	main.c: 304: tone_out_ctr++;
      000276rA3r0F                  836 	mov	a, _tone_out_ctr+0
      000278 01 28                  837 	add	a, #0x01
      00027ArA3r0B                  838 	mov	_tone_out_ctr+0, a
                                    839 ;	main.c: 306: if (tone_out_ctr >= tone_time)
      00027CrA3r0F                  840 	mov	a, _tone_out_ctr+0
      00027ErA4r0C                  841 	sub	a, _tone_time+0
                                    842 ;	main.c: 308: stop_tone_out();
      000280 40 1A                  843 	t1sn.io	f, c
      000282r76r38                  844 	call	_stop_tone_out
      000284                        845 00113$:
                                    846 ;	main.c: 312: INTRQ &= ~INTRQ_TM3; // Clear interrupt flag
      000284 C5 1D                  847 	set0.io	__intrq, #7
      000286                        848 00116$:
                                    849 ;	main.c: 314: }
      000286 73 00                  850 	pop	af
      000288r80r0B                  851 	mov	p, a
      00028A 73 00                  852 	pop	af
      00028C 7B 00                  853 	reti
                                    854 	.area CODE
                                    855 	.area CONST
                                    856 	.area CABS (ABS)
